# JRE version: Java(TM) SE Runtime Environment (14.0.1+7) (build 14.0.1+7)
# Java VM: Java HotSpot(TM) 64-Bit Server VM (14.0.1+7, mixed mode, sharing, tiered, compressed oops, g1 gc, windows-amd64)
Heap:
 garbage-first heap   total 66560K, used 47306K [0x0000000083000000, 0x0000000100000000)
  region size 1024K, 15 young (15360K), 3 survivors (3072K)
 Metaspace       used 66989K, capacity 68539K, committed 68604K, reserved 1107968K
  class space    used 8548K, capacity 9160K, committed 9216K, reserved 1048576K
GC Heap History (20 events):
Event: 8.301 GC heap before
{Heap before GC invocations=15 (full 0):
 garbage-first heap   total 61440K, used 48108K [0x0000000083000000, 0x0000000100000000)
  region size 1024K, 27 young (27648K), 4 survivors (4096K)
 Metaspace       used 44724K, capacity 45866K, committed 46204K, reserved 1089536K
  class space    used 5744K, capacity 6183K, committed 6272K, reserved 1048576K
}
Event: 8.307 GC heap after
{Heap after GC invocations=16 (full 0):
 garbage-first heap   total 61440K, used 25839K [0x0000000083000000, 0x0000000100000000)
  region size 1024K, 4 young (4096K), 4 survivors (4096K)
 Metaspace       used 44724K, capacity 45866K, committed 46204K, reserved 1089536K
  class space    used 5744K, capacity 6183K, committed 6272K, reserved 1048576K
}
Event: 9.671 GC heap before
{Heap before GC invocations=16 (full 0):
 garbage-first heap   total 61440K, used 46319K [0x0000000083000000, 0x0000000100000000)
  region size 1024K, 25 young (25600K), 4 survivors (4096K)
 Metaspace       used 47333K, capacity 48462K, committed 48508K, reserved 1091584K
  class space    used 6084K, capacity 6515K, committed 6528K, reserved 1048576K
}
Event: 9.675 GC heap after
{Heap after GC invocations=17 (full 0):
 garbage-first heap   total 61440K, used 27414K [0x0000000083000000, 0x0000000100000000)
  region size 1024K, 3 young (3072K), 3 survivors (3072K)
 Metaspace       used 47333K, capacity 48462K, committed 48508K, reserved 1091584K
  class space    used 6084K, capacity 6515K, committed 6528K, reserved 1048576K
}
Event: 10.356 GC heap before
{Heap before GC invocations=17 (full 0):
 garbage-first heap   total 61440K, used 47894K [0x0000000083000000, 0x0000000100000000)
  region size 1024K, 23 young (23552K), 3 survivors (3072K)
 Metaspace       used 51137K, capacity 52357K, committed 52604K, reserved 1095680K
  class space    used 6736K, capacity 7212K, committed 7296K, reserved 1048576K
}
Event: 10.359 GC heap after
{Heap after GC invocations=18 (full 0):
 garbage-first heap   total 61440K, used 28174K [0x0000000083000000, 0x0000000100000000)
  region size 1024K, 1 young (1024K), 1 survivors (1024K)
 Metaspace       used 51137K, capacity 52357K, committed 52604K, reserved 1095680K
  class space    used 6736K, capacity 7212K, committed 7296K, reserved 1048576K
}
Event: 192.173 GC heap before
{Heap before GC invocations=18 (full 0):
 garbage-first heap   total 61440K, used 47630K [0x0000000083000000, 0x0000000100000000)
  region size 1024K, 21 young (21504K), 1 survivors (1024K)
 Metaspace       used 54365K, capacity 55754K, committed 55804K, reserved 1097728K
  class space    used 7131K, capacity 7662K, committed 7680K, reserved 1048576K
}
Event: 192.178 GC heap after
{Heap after GC invocations=19 (full 0):
 garbage-first heap   total 61440K, used 29059K [0x0000000083000000, 0x0000000100000000)
  region size 1024K, 2 young (2048K), 2 survivors (2048K)
 Metaspace       used 54365K, capacity 55754K, committed 55804K, reserved 1097728K
  class space    used 7131K, capacity 7662K, committed 7680K, reserved 1048576K
}
Event: 349.977 GC heap before
{Heap before GC invocations=20 (full 0):
 garbage-first heap   total 61440K, used 48515K [0x0000000083000000, 0x0000000100000000)
  region size 1024K, 22 young (22528K), 2 survivors (2048K)
 Metaspace       used 58441K, capacity 59805K, committed 59900K, reserved 1101824K
  class space    used 7592K, capacity 8115K, committed 8192K, reserved 1048576K
}
Event: 349.981 GC heap after
{Heap after GC invocations=21 (full 0):
 garbage-first heap   total 61440K, used 29774K [0x0000000083000000, 0x0000000100000000)
  region size 1024K, 3 young (3072K), 3 survivors (3072K)
 Metaspace       used 58441K, capacity 59805K, committed 59900K, reserved 1101824K
  class space    used 7592K, capacity 8115K, committed 8192K, reserved 1048576K
}
Event: 351.201 GC heap before
{Heap before GC invocations=21 (full 0):
 garbage-first heap   total 61440K, used 48206K [0x0000000083000000, 0x0000000100000000)
  region size 1024K, 22 young (22528K), 3 survivors (3072K)
 Metaspace       used 62693K, capacity 64183K, committed 64252K, reserved 1105920K
  class space    used 8100K, capacity 8689K, committed 8704K, reserved 1048576K
}
Event: 351.213 GC heap after
{Heap after GC invocations=22 (full 0):
 garbage-first heap   total 61440K, used 31123K [0x0000000083000000, 0x0000000100000000)
  region size 1024K, 3 young (3072K), 3 survivors (3072K)
 Metaspace       used 62693K, capacity 64183K, committed 64252K, reserved 1105920K
  class space    used 8100K, capacity 8689K, committed 8704K, reserved 1048576K
}
Event: 352.124 GC heap before
{Heap before GC invocations=23 (full 0):
 garbage-first heap   total 61440K, used 47507K [0x0000000083000000, 0x0000000100000000)
  region size 1024K, 20 young (20480K), 3 survivors (3072K)
 Metaspace       used 65059K, capacity 66552K, committed 66684K, reserved 1107968K
  class space    used 8406K, capacity 8983K, committed 9088K, reserved 1048576K
}
Event: 352.129 GC heap after
{Heap after GC invocations=24 (full 0):
 garbage-first heap   total 61440K, used 32878K [0x0000000083000000, 0x0000000100000000)
  region size 1024K, 3 young (3072K), 3 survivors (3072K)
 Metaspace       used 65059K, capacity 66552K, committed 66684K, reserved 1107968K
  class space    used 8406K, capacity 8983K, committed 9088K, reserved 1048576K
}
Event: 1764.909 GC heap before
{Heap before GC invocations=24 (full 0):
 garbage-first heap   total 61440K, used 49262K [0x0000000083000000, 0x0000000100000000)
  region size 1024K, 19 young (19456K), 3 survivors (3072K)
 Metaspace       used 66722K, capacity 68290K, committed 68604K, reserved 1107968K
  class space    used 8524K, capacity 9147K, committed 9216K, reserved 1048576K
}
Event: 1764.923 GC heap after
{Heap after GC invocations=25 (full 0):
 garbage-first heap   total 61440K, used 33596K [0x0000000083000000, 0x0000000100000000)
  region size 1024K, 1 young (1024K), 1 survivors (1024K)
 Metaspace       used 66722K, capacity 68290K, committed 68604K, reserved 1107968K
  class space    used 8524K, capacity 9147K, committed 9216K, reserved 1048576K
}
Event: 1789.524 GC heap before
{Heap before GC invocations=26 (full 0):
 garbage-first heap   total 65536K, used 48956K [0x0000000083000000, 0x0000000100000000)
  region size 1024K, 16 young (16384K), 1 survivors (1024K)
 Metaspace       used 66753K, capacity 68296K, committed 68604K, reserved 1107968K
  class space    used 8524K, capacity 9148K, committed 9216K, reserved 1048576K
}
Event: 1789.527 GC heap after
{Heap after GC invocations=27 (full 0):
 garbage-first heap   total 65536K, used 34741K [0x0000000083000000, 0x0000000100000000)
  region size 1024K, 2 young (2048K), 2 survivors (2048K)
 Metaspace       used 66753K, capacity 68296K, committed 68604K, reserved 1107968K
  class space    used 8524K, capacity 9148K, committed 9216K, reserved 1048576K
}
Event: 1799.203 GC heap before
{Heap before GC invocations=27 (full 0):
 garbage-first heap   total 65536K, used 52149K [0x0000000083000000, 0x0000000100000000)
  region size 1024K, 19 young (19456K), 2 survivors (2048K)
 Metaspace       used 66795K, capacity 68326K, committed 68604K, reserved 1107968K
  class space    used 8527K, capacity 9153K, committed 9216K, reserved 1048576K
}
Event: 1799.211 GC heap after
{Heap after GC invocations=28 (full 0):
 garbage-first heap   total 65536K, used 36042K [0x0000000083000000, 0x0000000100000000)
  region size 1024K, 3 young (3072K), 3 survivors (3072K)
 Metaspace       used 66795K, capacity 68326K, committed 68604K, reserved 1107968K
  class space    used 8527K, capacity 9153K, committed 9216K, reserved 1048576K
}

